
连接到: Oracle Database 10g Enterprise Edition Release 10.2.0.1.0 - Production
With the Partitioning, OLAP and Data Mining options
已导出 ZHS16GBK 字符集和 AL16UTF16 NCHAR 字符集

即将导出指定的用户...
. 正在导出 pre-schema 过程对象和操作
. 正在导出用户 LAB 的外部函数库名
. 导出 PUBLIC 类型同义词
. 正在导出专用类型同义词
. 正在导出用户 LAB 的对象类型定义
即将导出 LAB 的对象...
. 正在导出数据库链接
. 正在导出序号
. 正在导出簇定义
. 即将导出 LAB 的表通过常规路径...
. . 正在导出表                    FKS_FEEDBACK导出了           0 行
. . 正在导出表                     FKS_OPINION导出了           0 行
. . 正在导出表                     FKS_VILLAGE导出了           0 行
. . 正在导出表                      LB_DY_JSZY导出了        3796 行
. . 正在导出表                    SYS_FUNCTION导出了          20 行
. . 正在导出表                SYS_FUNCTIONUNIT导出了           1 行
. . 正在导出表                      SYS_MODULE导出了           1 行
. . 正在导出表                       SYS_ORGAN导出了           1 行
. . 正在导出表         SYS_RELATION_ORGAN_UNIT导出了           1 行
. . 正在导出表      SYS_RELATION_ROLE_FUNCTION导出了          31 行
. . 正在导出表          SYS_RELATION_ROLE_USER导出了           4 行
. . 正在导出表      SYS_RELATION_UNIT_FUNCTION导出了          12 行
. . 正在导出表                        SYS_ROLE导出了           6 行
. . 正在导出表                        SYS_USER导出了           2 行
. . 正在导出表                       TEST_DICT导出了        3771 行
. . 正在导出表                   TEST_DICTEDIT导出了          11 行
. . 正在导出表                    TEST_DICT_HY导出了        1171 行
. 正在导出同义词
. 正在导出视图
. 正在导出存储过程
. 正在导出运算符
. 正在导出引用完整性约束条件
. 正在导出触发器
. 正在导出索引类型
. 正在导出位图, 功能性索引和可扩展索引
. 正在导出后期表活动
. 正在导出实体化视图
. 正在导出快照日志
. 正在导出作业队列
. 正在导出刷新组和子组
. 正在导出维
. 正在导出 post-schema 过程对象和操作
. 正在导出统计信息
成功终止导出, 没有出现警告。
